INFO:trading_ig.rest:Creating new v2 session for user 'ckcdemo' at 'https://demo-api.ig.com/gateway/deal'
INFO:trading_ig.rest:POST '/session', resp 200
INFO:root:2024-04-30 22:00:00 Checking step 4
INFO:trading_ig.rest:Creating new v2 session for user 'ckcdemo' at 'https://demo-api.ig.com/gateway/deal'
INFO:trading_ig.rest:POST '/session', resp 200
INFO:root:2024-04-30 22:00:00 Checking step 4
INFO:trading_ig.rest:Creating new v2 session for user 'ckcdemo' at 'https://demo-api.ig.com/gateway/deal'
INFO:trading_ig.rest:POST '/session', resp 200
INFO:root:2024-04-30 22:00:04 Checking step 4
INFO:trading_ig.rest:Creating new v2 session for user 'ckcdemo' at 'https://demo-api.ig.com/gateway/deal'
INFO:trading_ig.rest:POST '/session', resp 200
INFO:root:2024-04-30 21:30:04 Checking step 4
INFO:trading_ig.rest:Creating new v2 session for user 'ckcdemo' at 'https://demo-api.ig.com/gateway/deal'
INFO:trading_ig.rest:POST '/session', resp 200
INFO:root:2024-04-30 22:30:04 Checking step 4
INFO:trading_ig.rest:Creating new v2 session for user 'ckcdemo' at 'https://demo-api.ig.com/gateway/deal'
INFO:trading_ig.rest:POST '/session', resp 200
INFO:root:2024-04-30 21:00:04 Checking step 4
INFO:trading_ig.rest:Creating new v2 session for user 'ckcdemo' at 'https://demo-api.ig.com/gateway/deal'
INFO:trading_ig.rest:POST '/session', resp 200
INFO:root:2024-04-30 21:00:04 Checking step 4
INFO:root:BULL - Checking TWOJS
INFO:root:BULL - Checking step 3
INFO:root:BULL - Checking step 2
INFO:trading_ig.rest:Creating new v2 session for user 'ckcdemo' at 'https://demo-api.ig.com/gateway/deal'
INFO:trading_ig.rest:POST '/session', resp 200
INFO:root:2024-05-01 17:00:00 Checking step 4
INFO:trading_ig.rest:Creating new v2 session for user 'ckcdemo' at 'https://demo-api.ig.com/gateway/deal'
INFO:trading_ig.rest:POST '/session', resp 200
INFO:root:2024-05-01 17:00:00 Checking step 4
INFO:trading_ig.rest:Creating new v2 session for user 'ckcdemo' at 'https://demo-api.ig.com/gateway/deal'
INFO:trading_ig.rest:POST '/session', resp 200
INFO:root:2024-05-01 17:00:00 Checking step 4
INFO:trading_ig.rest:Creating new v2 session for user 'ckcdemo' at 'https://demo-api.ig.com/gateway/deal'
INFO:trading_ig.rest:POST '/session', resp 200
INFO:root:2024-05-01 17:00:00 Checking step 4
INFO:root:BULL - Checking TWOJS
INFO:trading_ig.rest:Creating new v2 session for user 'ckcdemo' at 'https://demo-api.ig.com/gateway/deal'
INFO:trading_ig.rest:POST '/session', resp 200
INFO:root:2024-05-01 17:00:00 Checking step 4
INFO:root:BULL - Checking TWOJS
INFO:trading_ig.rest:Creating new v2 session for user 'ckcdemo' at 'https://demo-api.ig.com/gateway/deal'
INFO:trading_ig.rest:POST '/session', resp 200
INFO:root:2024-05-01 17:00:00 Checking step 4
INFO:root:BULL - Checking TWOJS
INFO:root:BULL - Checking step 3
INFO:root:BULL - Checking step 2
INFO:trading_ig.rest:Creating new v2 session for user 'ckcdemo' at 'https://demo-api.ig.com/gateway/deal'
INFO:trading_ig.rest:POST '/session', resp 200
INFO:root:2024-05-01 17:30:00 Checking step 4
INFO:trading_ig.rest:Creating new v2 session for user 'ckcdemo' at 'https://demo-api.ig.com/gateway/deal'
INFO:trading_ig.rest:POST '/session', resp 200
INFO:root:2024-05-01 17:30:00 Checking step 4
INFO:trading_ig.rest:Creating new v2 session for user 'ckcdemo' at 'https://demo-api.ig.com/gateway/deal'
INFO:trading_ig.rest:POST '/session', resp 200
INFO:root:2024-05-01 17:30:00 Checking step 4
INFO:trading_ig.rest:Creating new v2 session for user 'ckcdemo' at 'https://demo-api.ig.com/gateway/deal'
INFO:trading_ig.rest:POST '/session', resp 200
INFO:root:2024-05-08 23:30:00 Checking step 4
INFO:trading_ig.rest:Creating new v2 session for user 'ckcdemo' at 'https://demo-api.ig.com/gateway/deal'
INFO:trading_ig.rest:POST '/session', resp 200
INFO:root:2024-05-08 23:30:00 Checking step 4
INFO:trading_ig.rest:Creating new v2 session for user 'ckcdemo' at 'https://demo-api.ig.com/gateway/deal'
INFO:trading_ig.rest:POST '/session', resp 200
INFO:root:2024-05-08 23:30:00 Checking step 4
INFO:trading_ig.rest:Creating new v2 session for user 'ckcdemo' at 'https://demo-api.ig.com/gateway/deal'
INFO:trading_ig.rest:POST '/session', resp 200
INFO:root:2024-05-08 23:30:00 Checking step 4
INFO:trading_ig.rest:Creating new v2 session for user 'ckcdemo' at 'https://demo-api.ig.com/gateway/deal'
INFO:trading_ig.rest:POST '/session', resp 200
INFO:root:2024-05-08 23:30:00 Checking step 4
INFO:trading_ig.rest:Creating new v2 session for user 'ckcdemo' at 'https://demo-api.ig.com/gateway/deal'
INFO:trading_ig.rest:POST '/session', resp 200
INFO:root:2024-05-08 23:30:00 Checking step 4
INFO:trading_ig.rest:Creating new v2 session for user 'ckcdemo' at 'https://demo-api.ig.com/gateway/deal'
INFO:trading_ig.rest:POST '/session', resp 200
INFO:root:2024-05-08 11:30:00 Checking step 4
INFO:root:BEAR - Checking TWOJS
INFO:root:BEAR - Checking step 3
INFO:root:BEAR - Checking step 2
INFO:root:BEAR - Checking step 1
INFO:trading_ig.rest:GET '/prices/IX.D.NASDAQ.IFMM.IP/MINUTE_30/2024-05-07 08:00:00/2024-05-08 11:30:00', resp 200
INFO:trading_ig.rest:POST '/positions/otc', resp 200
INFO:trading_ig.rest:GET '/confirms/6AXHBQEJ9HCTYM9', resp 404
INFO:trading_ig.rest:Deal reference 6AXHBQEJ9HCTYM9 not found, retrying.
INFO:trading_ig.rest:GET '/confirms/6AXHBQEJ9HCTYM9', resp 200
INFO:trading_ig.rest:POST '/positions/otc', resp 200
INFO:trading_ig.rest:GET '/confirms/7W9S6YKAGP8TYM9', resp 200
INFO:root:{'date': '2024-05-08T15:54:49.387', 'status': 'OPEN', 'reason': 'SUCCESS', 'dealStatus': 'ACCEPTED', 'epic': 'IX.D.NASDAQ.IFMM.IP', 'expiry': '-', 'dealReference': '7W9S6YKAGP8TYM9', 'dealId': 'DIAAAAPXT5BVFA5', 'affectedDeals': [{'dealId': 'DIAAAAPXT5BVFA5', 'status': 'OPENED'}], 'level': 18073.5, 'size': 0.5, 'direction': 'SELL', 'stopLevel': 18083.5, 'limitLevel': 18068.5, 'stopDistance': None, 'limitDistance': None, 'guaranteedStop': False, 'trailingStop': True, 'profit': None, 'profitCurrency': None}
INFO:httpx:HTTP Request: POST https://api.telegram.org/bot7078878172:AAFxUifgJeP4LP6byH24PrvGe02Pvx0UgDc/sendMessage "HTTP/1.1 200 OK"
INFO:trading_ig.rest:Creating new v2 session for user 'ckcdemo' at 'https://demo-api.ig.com/gateway/deal'
INFO:trading_ig.rest:POST '/session', resp 200
INFO:root:2024-05-08 23:30:00 Checking step 4
INFO:trading_ig.rest:Creating new v2 session for user 'ckcdemo' at 'https://demo-api.ig.com/gateway/deal'
INFO:trading_ig.rest:POST '/session', resp 200
INFO:root:2024-05-08 23:30:00 Checking step 4
INFO:trading_ig.rest:Creating new v2 session for user 'ckcdemo' at 'https://demo-api.ig.com/gateway/deal'
INFO:trading_ig.rest:POST '/session', resp 200
INFO:root:2024-05-08 23:30:00 Checking step 4
INFO:trading_ig.rest:Creating new v2 session for user 'ckcdemo' at 'https://demo-api.ig.com/gateway/deal'
INFO:trading_ig.rest:POST '/session', resp 200
INFO:root:2024-05-08 15:30:00 Checking step 4
INFO:root:BEAR - Checking TWOJS
INFO:root:BEAR - Checking step 3
INFO:trading_ig.rest:Creating new v2 session for user 'ckcdemo' at 'https://demo-api.ig.com/gateway/deal'
INFO:trading_ig.rest:POST '/session', resp 200
INFO:root:2024-05-08 16:00:00 Checking step 4
INFO:trading_ig.rest:Creating new v2 session for user 'ckcdemo' at 'https://demo-api.ig.com/gateway/deal'
INFO:trading_ig.rest:POST '/session', resp 200
INFO:root:2024-05-20 16:30:00 Checking step 4
INFO:trading_ig.rest:Creating new v2 session for user 'ckcdemo' at 'https://demo-api.ig.com/gateway/deal'
INFO:trading_ig.rest:POST '/session', resp 200
INFO:root:2024-05-21 10:30:00 Checking step 4
INFO:trading_ig.rest:Creating new v2 session for user 'ckcdemo' at 'https://demo-api.ig.com/gateway/deal'
INFO:trading_ig.rest:POST '/session', resp 200
INFO:root:2024-05-21 11:00:00 Checking step 4
INFO:trading_ig.rest:Creating new v2 session for user 'ckcdemo' at 'https://demo-api.ig.com/gateway/deal'
INFO:trading_ig.rest:POST '/session', resp 200
INFO:root:2024-05-24 14:30:00 Checking step 4
INFO:root:BEAR - Checking TWOJS
INFO:trading_ig.rest:Creating new v2 session for user 'ckcdemo' at 'https://demo-api.ig.com/gateway/deal'
INFO:trading_ig.rest:POST '/session', resp 200
ERROR:yfinance:GOLD: Data doesn't exist for startDate = 1716588000, endDate = 1716687000
INFO:root:2024-05-25 21:30:00 Checking step 4
INFO:trading_ig.rest:Creating new v2 session for user 'ckcdemo' at 'https://demo-api.ig.com/gateway/deal'
INFO:trading_ig.rest:POST '/session', resp 200
ERROR:yfinance:GOLD: Data doesn't exist for startDate = 1716588000, endDate = 1716687000
INFO:root:2024-05-25 21:30:00 Checking step 4
INFO:trading_ig.rest:Creating new v2 session for user 'ckcdemo' at 'https://demo-api.ig.com/gateway/deal'
INFO:trading_ig.rest:POST '/session', resp 200
ERROR:yfinance:GC=F: Data doesn't exist for startDate = 1716588000, endDate = 1716687000
INFO:root:2024-05-25 21:30:00 Checking step 4
INFO:trading_ig.rest:Creating new v2 session for user 'ckcdemo' at 'https://demo-api.ig.com/gateway/deal'
INFO:trading_ig.rest:POST '/session', resp 200
ERROR:yfinance:GC=F: Data doesn't exist for startDate = 1716588000, endDate = 1716687000
INFO:root:2024-05-25 21:30:00 Checking step 4
INFO:trading_ig.rest:Creating new v2 session for user 'ckcdemo' at 'https://demo-api.ig.com/gateway/deal'
INFO:trading_ig.rest:POST '/session', resp 200
ERROR:yfinance:GC=F: Data doesn't exist for startDate = 1716588000, endDate = 1716687000
INFO:root:2024-05-25 21:30:00 Checking step 4
INFO:trading_ig.rest:Creating new v2 session for user 'ckcdemo' at 'https://demo-api.ig.com/gateway/deal'
INFO:trading_ig.rest:POST '/session', resp 200
ERROR:yfinance:BTC-USD: Data doesn't exist for startDate = 1716573600, endDate = 1716672600
INFO:root:2024-05-25 21:30:00 Checking step 4
INFO:trading_ig.rest:Creating new v2 session for user 'ckcdemo' at 'https://demo-api.ig.com/gateway/deal'
INFO:trading_ig.rest:POST '/session', resp 200
INFO:root:2024-05-24 14:30:00 Checking step 4
INFO:root:BULL - Checking TWOJS
INFO:root:BULL - Checking step 3
INFO:trading_ig.rest:Creating new v2 session for user 'ckcdemo' at 'https://demo-api.ig.com/gateway/deal'
INFO:trading_ig.rest:POST '/session', resp 200
INFO:root:2024-05-24 14:30:00 Checking step 4
INFO:root:BULL - Checking TWOJS
INFO:root:BULL - Checking step 3
INFO:trading_ig.rest:Creating new v2 session for user 'ckcdemo' at 'https://demo-api.ig.com/gateway/deal'
INFO:trading_ig.rest:POST '/session', resp 200
INFO:trading_ig.rest:Creating new v2 session for user 'ckcdemo' at 'https://demo-api.ig.com/gateway/deal'
INFO:trading_ig.rest:POST '/session', resp 200
INFO:root:2024-05-24 13:30:00 Checking step 4
INFO:trading_ig.rest:Creating new v2 session for user 'ckcdemo' at 'https://demo-api.ig.com/gateway/deal'
INFO:trading_ig.rest:POST '/session', resp 200
INFO:root:2024-05-24 13:30:00 Checking step 4
INFO:trading_ig.rest:Creating new v2 session for user 'ckcdemo' at 'https://demo-api.ig.com/gateway/deal'
INFO:trading_ig.rest:POST '/session', resp 200
INFO:root:2024-05-24 13:00:00 Checking step 4
INFO:trading_ig.rest:Creating new v2 session for user 'ckcdemo' at 'https://demo-api.ig.com/gateway/deal'
INFO:trading_ig.rest:POST '/session', resp 200
INFO:root:2024-05-24 13:00:00 Checking step 4
INFO:trading_ig.rest:Creating new v2 session for user 'ckcdemo' at 'https://demo-api.ig.com/gateway/deal'
INFO:trading_ig.rest:POST '/session', resp 200
INFO:root:2024-05-24 14:00:00 Checking step 4
INFO:root:BEAR - Checking TWOJS
INFO:root:BEAR - Checking step 3
INFO:trading_ig.rest:Creating new v2 session for user 'ckcdemo' at 'https://demo-api.ig.com/gateway/deal'
INFO:trading_ig.rest:POST '/session', resp 200
INFO:root:2024-05-24 14:30:00 Checking step 4
INFO:root:BULL - Checking TWOJS
INFO:root:BULL - Checking step 3
INFO:trading_ig.rest:Creating new v2 session for user 'ckcdemo' at 'https://demo-api.ig.com/gateway/deal'
INFO:trading_ig.rest:POST '/session', resp 200
INFO:root:2024-05-24 13:30:00 Checking step 4
INFO:root:BULL - Checking TWOJS
INFO:root:BULL - Checking step 3
INFO:trading_ig.rest:Creating new v2 session for user 'ckcdemo' at 'https://demo-api.ig.com/gateway/deal'
INFO:trading_ig.rest:POST '/session', resp 200
INFO:root:2024-05-24 13:00:00 Checking step 4
INFO:root:BULL - Checking TWOJS
INFO:root:BULL - Checking step 3
INFO:trading_ig.rest:Creating new v2 session for user 'ckcdemo' at 'https://demo-api.ig.com/gateway/deal'
INFO:trading_ig.rest:POST '/session', resp 200
INFO:root:2024-05-24 11:00:00 Checking step 4
INFO:root:BULL - Checking TWOJS
INFO:root:BULL - Checking step 3
INFO:trading_ig.rest:Creating new v2 session for user 'ckcdemo' at 'https://demo-api.ig.com/gateway/deal'
INFO:trading_ig.rest:POST '/session', resp 200
INFO:root:2024-05-24 09:00:00 Checking step 4
INFO:root:BEAR - Checking TWOJS
INFO:root:BEAR - Checking step 3
INFO:root:BEAR - Checking step 2
INFO:trading_ig.rest:Creating new v2 session for user 'ckcdemo' at 'https://demo-api.ig.com/gateway/deal'
INFO:trading_ig.rest:POST '/session', resp 200
INFO:root:2024-05-24 09:30:00 Checking step 4
INFO:root:BULL - Checking TWOJS
INFO:root:BULL - Checking step 3
INFO:root:BULL - Checking step 2
INFO:trading_ig.rest:Creating new v2 session for user 'ckcdemo' at 'https://demo-api.ig.com/gateway/deal'
INFO:trading_ig.rest:POST '/session', resp 200
INFO:root:2024-05-24 09:30:00 Checking step 4
INFO:root:BULL - Checking TWOJS
INFO:root:BULL - Checking step 3
INFO:root:BULL - Checking step 2
INFO:trading_ig.rest:Creating new v2 session for user 'ckcdemo' at 'https://demo-api.ig.com/gateway/deal'
INFO:trading_ig.rest:POST '/session', resp 200
INFO:root:2024-05-24 09:30:00 Checking step 4
INFO:root:BULL - Checking TWOJS
INFO:root:BULL - Checking step 3
INFO:root:BULL - Checking step 2
INFO:trading_ig.rest:Creating new v2 session for user 'ckcdemo' at 'https://demo-api.ig.com/gateway/deal'
INFO:trading_ig.rest:POST '/session', resp 200
INFO:root:2024-05-24 09:30:00 Checking step 4
INFO:root:BULL - Checking TWOJS
INFO:root:BULL - Checking step 3
INFO:root:BULL - Checking step 2
INFO:trading_ig.rest:Creating new v2 session for user 'ckcdemo' at 'https://demo-api.ig.com/gateway/deal'
INFO:trading_ig.rest:POST '/session', resp 200
INFO:root:2024-05-24 09:30:00 Checking step 4
INFO:root:BULL - Checking TWOJS
INFO:root:BULL - Checking step 3
INFO:root:BULL - Checking step 2
INFO:trading_ig.rest:Creating new v2 session for user 'ckcdemo' at 'https://demo-api.ig.com/gateway/deal'
INFO:trading_ig.rest:POST '/session', resp 200
INFO:root:2024-05-24 09:30:00 Checking step 4
INFO:root:BULL - Checking TWOJS
INFO:root:BULL - Checking step 3
INFO:root:BULL - Checking step 2
INFO:trading_ig.rest:Creating new v2 session for user 'ckcdemo' at 'https://demo-api.ig.com/gateway/deal'
INFO:trading_ig.rest:POST '/session', resp 200
INFO:root:2024-05-24 09:30:00 Checking step 4
INFO:root:BULL - Checking TWOJS
INFO:root:BULL - Checking step 3
INFO:root:BULL - Checking step 2
INFO:trading_ig.rest:Creating new v2 session for user 'ckcdemo' at 'https://demo-api.ig.com/gateway/deal'
INFO:trading_ig.rest:POST '/session', resp 200
INFO:root:2024-05-24 09:30:00 Checking step 4
INFO:root:BULL - Checking TWOJS
INFO:root:BULL - Checking step 3
INFO:root:BULL - Checking step 2
INFO:trading_ig.rest:Creating new v2 session for user 'ckcdemo' at 'https://demo-api.ig.com/gateway/deal'
INFO:trading_ig.rest:POST '/session', resp 200
INFO:root:2024-05-24 09:30:00 Checking step 4
INFO:root:BULL - Checking TWOJS
INFO:root:BULL - Checking step 3
INFO:root:BULL - Checking step 2
INFO:trading_ig.rest:Creating new v2 session for user 'ckcdemo' at 'https://demo-api.ig.com/gateway/deal'
INFO:trading_ig.rest:POST '/session', resp 200
INFO:root:2024-05-24 09:30:00 Checking step 4
INFO:root:BULL - Checking TWOJS
INFO:root:BULL - Checking step 3
INFO:root:BULL - Checking step 2
INFO:trading_ig.rest:Creating new v2 session for user 'ckcdemo' at 'https://demo-api.ig.com/gateway/deal'
INFO:trading_ig.rest:POST '/session', resp 200
INFO:root:2024-05-24 09:30:00 Checking step 4
INFO:root:BULL - Checking TWOJS
INFO:root:BULL - Checking step 3
INFO:root:BULL - Checking step 2
INFO:trading_ig.rest:Creating new v2 session for user 'ckcdemo' at 'https://demo-api.ig.com/gateway/deal'
INFO:trading_ig.rest:POST '/session', resp 200
INFO:root:2024-05-24 09:30:00 Checking step 4
INFO:root:BULL - Checking TWOJS
INFO:root:BULL - Checking step 3
INFO:root:BULL - Checking step 2
INFO:trading_ig.rest:Creating new v2 session for user 'ckcdemo' at 'https://demo-api.ig.com/gateway/deal'
INFO:trading_ig.rest:POST '/session', resp 200
INFO:root:2024-05-24 09:30:00 Checking step 4
INFO:root:BULL - Checking TWOJS
INFO:root:BULL - Checking step 3
INFO:root:BULL - Checking step 2
INFO:trading_ig.rest:Creating new v2 session for user 'ckcdemo' at 'https://demo-api.ig.com/gateway/deal'
INFO:trading_ig.rest:POST '/session', resp 200
INFO:root:2024-05-24 09:30:00 Checking step 4
INFO:root:BULL - Checking TWOJS
INFO:root:BULL - Checking step 3
INFO:root:BULL - Checking step 2
INFO:trading_ig.rest:Creating new v2 session for user 'ckcdemo' at 'https://demo-api.ig.com/gateway/deal'
INFO:trading_ig.rest:POST '/session', resp 200
INFO:root:2024-05-24 09:30:00 Checking step 4
INFO:root:BULL - Checking TWOJS
INFO:root:BULL - Checking step 3
INFO:root:BULL - Checking step 2
INFO:trading_ig.rest:Creating new v2 session for user 'ckcdemo' at 'https://demo-api.ig.com/gateway/deal'
INFO:trading_ig.rest:POST '/session', resp 200
INFO:root:2024-05-24 09:30:00 Checking step 4
INFO:root:BULL - Checking TWOJS
INFO:root:BULL - Checking step 3
INFO:root:BULL - Checking step 2
INFO:trading_ig.rest:Creating new v2 session for user 'ckcdemo' at 'https://demo-api.ig.com/gateway/deal'
INFO:trading_ig.rest:POST '/session', resp 200
INFO:root:2024-05-24 09:30:00 Checking step 4
INFO:root:BULL - Checking TWOJS
INFO:root:BULL - Checking step 3
INFO:root:BULL - Checking step 2
INFO:trading_ig.rest:Creating new v2 session for user 'ckcdemo' at 'https://demo-api.ig.com/gateway/deal'
INFO:trading_ig.rest:POST '/session', resp 200
INFO:root:2024-05-24 09:30:00 Checking step 4
INFO:root:BULL - Checking TWOJS
INFO:root:BULL - Checking step 3
INFO:root:BULL - Checking step 2
INFO:trading_ig.rest:Creating new v2 session for user 'ckcdemo' at 'https://demo-api.ig.com/gateway/deal'
INFO:trading_ig.rest:POST '/session', resp 200
INFO:root:2024-05-24 09:30:00 Checking step 4
INFO:root:BULL - Checking TWOJS
INFO:root:BULL - Checking step 3
INFO:root:BULL - Checking step 2
INFO:trading_ig.rest:Creating new v2 session for user 'ckcdemo' at 'https://demo-api.ig.com/gateway/deal'
INFO:trading_ig.rest:POST '/session', resp 200
INFO:root:2024-05-24 10:00:00 Checking step 4
INFO:trading_ig.rest:Creating new v2 session for user 'ckcdemo' at 'https://demo-api.ig.com/gateway/deal'
INFO:trading_ig.rest:POST '/session', resp 200
INFO:root:2024-05-24 09:30:00 Checking step 4
INFO:root:BULL - Checking TWOJS
INFO:root:BULL - Checking step 3
INFO:root:BULL - Checking step 2
INFO:trading_ig.rest:Creating new v2 session for user 'ckcdemo' at 'https://demo-api.ig.com/gateway/deal'
INFO:trading_ig.rest:POST '/session', resp 200
INFO:root:2024-05-24 09:30:00 Checking step 4
INFO:root:BULL - Checking TWOJS
INFO:root:BULL - Checking step 3
INFO:root:BULL - Checking step 2
INFO:trading_ig.rest:Creating new v2 session for user 'ckcdemo' at 'https://demo-api.ig.com/gateway/deal'
INFO:trading_ig.rest:POST '/session', resp 200
INFO:root:2024-05-24 09:30:00 Checking step 4
INFO:root:BULL - Checking TWOJS
INFO:root:BULL - Checking step 3
INFO:root:BULL - Checking step 2
INFO:root:BULL - Checking step 1
INFO:trading_ig.rest:POST '/positions/otc', resp 200
INFO:trading_ig.rest:GET '/confirms/URKVPV7F66GTYM9', resp 200
INFO:trading_ig.rest:POST '/positions/otc', resp 200
INFO:trading_ig.rest:GET '/confirms/C7YDWDF3P2UTYM9', resp 200
INFO:root:{'date': '2024-05-24T15:31:36.21', 'status': None, 'reason': 'ATTACHED_ORDER_LEVEL_ERROR', 'dealStatus': 'REJECTED', 'epic': 'CS.D.BITCOIN.CFD.IP', 'expiry': None, 'dealReference': 'C7YDWDF3P2UTYM9', 'dealId': 'DIAAAAP29BS8NAW', 'affectedDeals': [], 'level': None, 'size': None, 'direction': 'BUY', 'stopLevel': None, 'limitLevel': None, 'stopDistance': None, 'limitDistance': None, 'guaranteedStop': False, 'trailingStop': False, 'profit': None, 'profitCurrency': None}
INFO:httpx:HTTP Request: POST https://api.telegram.org/bot7078878172:AAFxUifgJeP4LP6byH24PrvGe02Pvx0UgDc/sendMessage "HTTP/1.1 200 OK"
INFO:trading_ig.rest:Creating new v2 session for user 'ckcdemo' at 'https://demo-api.ig.com/gateway/deal'
INFO:trading_ig.rest:POST '/session', resp 200
INFO:root:2024-05-24 09:30:00 Checking step 4
INFO:trading_ig.rest:Creating new v2 session for user 'ckcdemo' at 'https://demo-api.ig.com/gateway/deal'
INFO:trading_ig.rest:POST '/session', resp 200
INFO:root:2024-05-24 15:30:00 Checking step 4
INFO:root:BULL - Checking TWOJS
INFO:trading_ig.rest:Creating new v2 session for user 'ckcdemo' at 'https://demo-api.ig.com/gateway/deal'
INFO:trading_ig.rest:POST '/session', resp 200
ERROR:yfinance:NQ=F: Data doesn't exist for startDate = 1716573600, endDate = 1716672600
INFO:root:2024-05-25 17:30:00 Checking step 4
INFO:trading_ig.rest:Creating new v2 session for user 'ckcdemo' at 'https://demo-api.ig.com/gateway/deal'
INFO:trading_ig.rest:POST '/session', resp 200
INFO:root:2024-05-24 12:30:00 Checking step 4
INFO:root:BULL - Checking TWOJS
INFO:trading_ig.rest:Creating new v2 session for user 'ckcdemo' at 'https://demo-api.ig.com/gateway/deal'
INFO:trading_ig.rest:POST '/session', resp 200
INFO:root:2024-05-24 08:30:00 Checking step 4
INFO:root:BEAR - Checking TWOJS
INFO:root:BEAR - Checking step 3
INFO:root:BEAR - Checking step 2
INFO:trading_ig.rest:Creating new v2 session for user 'ckcdemo' at 'https://demo-api.ig.com/gateway/deal'
INFO:trading_ig.rest:POST '/session', resp 200
INFO:root:2024-05-24 08:30:00 Checking step 4
INFO:root:BEAR - Checking TWOJS
INFO:root:BEAR - Checking step 3
INFO:root:BEAR - Checking step 2
INFO:trading_ig.rest:Creating new v2 session for user 'ckcdemo' at 'https://demo-api.ig.com/gateway/deal'
INFO:trading_ig.rest:POST '/session', resp 200
INFO:root:2024-05-24 08:30:00 Checking step 4
INFO:root:BEAR - Checking TWOJS
INFO:root:BEAR - Checking step 3
INFO:root:BEAR - Checking step 2
INFO:trading_ig.rest:Creating new v2 session for user 'ckcdemo' at 'https://demo-api.ig.com/gateway/deal'
INFO:trading_ig.rest:POST '/session', resp 200
INFO:root:2024-06-04 14:30:00 Checking step 4
INFO:root:17.5
INFO:trading_ig.rest:Creating new v2 session for user 'ckcdemo' at 'https://demo-api.ig.com/gateway/deal'
INFO:trading_ig.rest:POST '/session', resp 200
INFO:root:2024-06-04 14:30:00 Checking step 4
INFO:root:17.5
INFO:trading_ig.rest:Creating new v2 session for user 'ckcdemo' at 'https://demo-api.ig.com/gateway/deal'
INFO:trading_ig.rest:POST '/session', resp 200
INFO:root:2024-06-04 14:30:00 Checking step 4
INFO:root:17.5
